2022-06-20 18:45:31.748  INFO 22268 --- [main] c.g.i.ValidateStructureXtfApplication    : Starting ValidateStructureXtfApplication using Java 11.0.14 on Gilbert-AndrePC with PID 22268 (D:\TRABAJO\Business\ProyectoIgac\Desarrollos\MicroServices\validateStructureXtf\target\classes started by g_and in D:\TRABAJO\Business\ProyectoIgac\Desarrollos\MicroServices\validateStructureXtf)
2022-06-20 18:45:31.750  INFO 22268 --- [main] c.g.i.ValidateStructureXtfApplication    : No active profile set, falling back to 1 default profile: "default"
2022-06-20 18:45:32.440  WARN 22268 --- [main] o.a.catalina.core.AprLifecycleListener   : The Apache Tomcat Native library failed to load. The error reported was [C:\Tomcat\bin\tcnative-1.dll: Can't load IA 32-bit .dll on a AMD 64-bit platform]

java.lang.UnsatisfiedLinkError: C:\Tomcat\bin\tcnative-1.dll: Can't load IA 32-bit .dll on a AMD 64-bit platform
	at java.base/java.lang.ClassLoader$NativeLibrary.load0(Native Method) ~[na:na]
	at java.base/java.lang.ClassLoader$NativeLibrary.load(ClassLoader.java:2430) ~[na:na]
	at java.base/java.lang.ClassLoader$NativeLibrary.loadLibrary(ClassLoader.java:2487) ~[na:na]
	at java.base/java.lang.ClassLoader.loadLibrary0(ClassLoader.java:2684) ~[na:na]
	at java.base/java.lang.ClassLoader.loadLibrary(ClassLoader.java:2649) ~[na:na]
	at java.base/java.lang.Runtime.loadLibrary0(Runtime.java:827) ~[na:na]
	at java.base/java.lang.System.loadLibrary(System.java:1871) ~[na:na]
	at org.apache.tomcat.jni.Library.<init>(Library.java:64) ~[tomcat-embed-core-9.0.63.jar:9.0.63]
	at org.apache.tomcat.jni.Library.initialize(Library.java:203) ~[tomcat-embed-core-9.0.63.jar:9.0.63]
	at org.apache.catalina.core.AprLifecycleListener.init(AprLifecycleListener.java:203) ~[tomcat-embed-core-9.0.63.jar:9.0.63]
	at org.apache.catalina.core.AprLifecycleListener.isAprAvailable(AprLifecycleListener.java:108) ~[tomcat-embed-core-9.0.63.jar:9.0.63]
	at org.springframework.boot.web.embedded.tomcat.TomcatServletWebServerFactory.getDefaultServerLifecycleListeners(TomcatServletWebServerFactory.java:182) ~[spring-boot-2.7.0.jar:2.7.0]
	at org.springframework.boot.web.embedded.tomcat.TomcatServletWebServerFactory.<init>(TomcatServletWebServerFactory.java:129) ~[spring-boot-2.7.0.jar:2.7.0]
	at org.springframework.boot.autoconfigure.web.servlet.ServletWebServerFactoryConfiguration$EmbeddedTomcat.tomcatServletWebServerFactory(ServletWebServerFactoryConfiguration.java:76) ~[spring-boot-autoconfigure-2.7.0.jar:2.7.0]
	at java.base/jdk.internal.reflect.NativeMethodAccessorImpl.invoke0(Native Method) ~[na:na]
	at java.base/jdk.internal.reflect.NativeMethodAccessorImpl.invoke(NativeMethodAccessorImpl.java:62) ~[na:na]
	at java.base/jdk.internal.reflect.DelegatingMethodAccessorImpl.invoke(DelegatingMethodAccessorImpl.java:43) ~[na:na]
	at java.base/java.lang.reflect.Method.invoke(Method.java:566) ~[na:na]
	at org.springframework.beans.factory.support.SimpleInstantiationStrategy.instantiate(SimpleInstantiationStrategy.java:154) ~[spring-beans-5.3.20.jar:5.3.20]
	at org.springframework.beans.factory.support.ConstructorResolver.instantiate(ConstructorResolver.java:653) ~[spring-beans-5.3.20.jar:5.3.20]
	at org.springframework.beans.factory.support.ConstructorResolver.instantiateUsingFactoryMethod(ConstructorResolver.java:638) ~[spring-beans-5.3.20.jar:5.3.20]
	at org.springframework.beans.factory.support.AbstractAutowireCapableBeanFactory.instantiateUsingFactoryMethod(AbstractAutowireCapableBeanFactory.java:1352) ~[spring-beans-5.3.20.jar:5.3.20]
	at org.springframework.beans.factory.support.AbstractAutowireCapableBeanFactory.createBeanInstance(AbstractAutowireCapableBeanFactory.java:1195) ~[spring-beans-5.3.20.jar:5.3.20]
	at org.springframework.beans.factory.support.AbstractAutowireCapableBeanFactory.doCreateBean(AbstractAutowireCapableBeanFactory.java:582) ~[spring-beans-5.3.20.jar:5.3.20]
	at org.springframework.beans.factory.support.AbstractAutowireCapableBeanFactory.createBean(AbstractAutowireCapableBeanFactory.java:542) ~[spring-beans-5.3.20.jar:5.3.20]
	at org.springframework.beans.factory.support.AbstractBeanFactory.lambda$doGetBean$0(AbstractBeanFactory.java:335) ~[spring-beans-5.3.20.jar:5.3.20]
	at org.springframework.beans.factory.support.DefaultSingletonBeanRegistry.getSingleton(DefaultSingletonBeanRegistry.java:234) ~[spring-beans-5.3.20.jar:5.3.20]
	at org.springframework.beans.factory.support.AbstractBeanFactory.doGetBean(AbstractBeanFactory.java:333) ~[spring-beans-5.3.20.jar:5.3.20]
	at org.springframework.beans.factory.support.AbstractBeanFactory.getBean(AbstractBeanFactory.java:213) ~[spring-beans-5.3.20.jar:5.3.20]
	at org.springframework.boot.web.servlet.context.ServletWebServerApplicationContext.getWebServerFactory(ServletWebServerApplicationContext.java:219) ~[spring-boot-2.7.0.jar:2.7.0]
	at org.springframework.boot.web.servlet.context.ServletWebServerApplicationContext.createWebServer(ServletWebServerApplicationContext.java:182) ~[spring-boot-2.7.0.jar:2.7.0]
	at org.springframework.boot.web.servlet.context.ServletWebServerApplicationContext.onRefresh(ServletWebServerApplicationContext.java:162) ~[spring-boot-2.7.0.jar:2.7.0]
	at org.springframework.context.support.AbstractApplicationContext.refresh(AbstractApplicationContext.java:577) ~[spring-context-5.3.20.jar:5.3.20]
	at org.springframework.boot.web.servlet.context.ServletWebServerApplicationContext.refresh(ServletWebServerApplicationContext.java:147) ~[spring-boot-2.7.0.jar:2.7.0]
	at org.springframework.boot.SpringApplication.refresh(SpringApplication.java:734) ~[spring-boot-2.7.0.jar:2.7.0]
	at org.springframework.boot.SpringApplication.refreshContext(SpringApplication.java:408) ~[spring-boot-2.7.0.jar:2.7.0]
	at org.springframework.boot.SpringApplication.run(SpringApplication.java:308) ~[spring-boot-2.7.0.jar:2.7.0]
	at org.springframework.boot.SpringApplication.run(SpringApplication.java:1306) ~[spring-boot-2.7.0.jar:2.7.0]
	at org.springframework.boot.SpringApplication.run(SpringApplication.java:1295) ~[spring-boot-2.7.0.jar:2.7.0]
	at co.gov.igac.ValidateStructureXtfApplication.main(ValidateStructureXtfApplication.java:18) ~[classes/:na]

2022-06-20 18:45:32.607  INFO 22268 --- [main] o.s.b.w.embedded.tomcat.TomcatWebServer  : Tomcat initialized with port(s): 9999 (http)
2022-06-20 18:45:32.615  INFO 22268 --- [main] o.apache.catalina.core.StandardService   : Starting service [Tomcat]
2022-06-20 18:45:32.615  INFO 22268 --- [main] org.apache.catalina.core.StandardEngine  : Starting Servlet engine: [Apache Tomcat/9.0.63]
2022-06-20 18:45:32.747  INFO 22268 --- [main] o.a.c.c.C.[Tomcat].[localhost].[/]       : Initializing Spring embedded WebApplicationContext
2022-06-20 18:45:32.747  INFO 22268 --- [main] w.s.c.ServletWebServerApplicationContext : Root WebApplicationContext: initialization completed in 960 ms
2022-06-20 18:45:33.078  INFO 22268 --- [main] pertySourcedRequestMappingHandlerMapping : Mapped URL path [/v2/api-docs] onto method [springfox.documentation.swagger2.web.Swagger2Controller#getDocumentation(String, HttpServletRequest)]
2022-06-20 18:45:33.382  INFO 22268 --- [main] o.s.b.w.embedded.tomcat.TomcatWebServer  : Tomcat started on port(s): 9999 (http) with context path ''
2022-06-20 18:45:33.383  INFO 22268 --- [main] d.s.w.p.DocumentationPluginsBootstrapper : Context refreshed
2022-06-20 18:45:33.402  INFO 22268 --- [main] d.s.w.p.DocumentationPluginsBootstrapper : Found 1 custom documentation plugin(s)
2022-06-20 18:45:33.425  INFO 22268 --- [main] s.d.s.w.s.ApiListingReferenceScanner     : Scanning for api listing references
2022-06-20 18:45:33.517  INFO 22268 --- [main] c.g.i.ValidateStructureXtfApplication    : Started ValidateStructureXtfApplication in 2.063 seconds (JVM running for 2.747)
2022-06-20 18:45:57.546  INFO 22268 --- [http-nio-9999-exec-1] o.a.c.c.C.[Tomcat].[localhost].[/]       : Initializing Spring DispatcherServlet 'dispatcherServlet'
2022-06-20 18:45:57.547  INFO 22268 --- [http-nio-9999-exec-1] o.s.web.servlet.DispatcherServlet        : Initializing Servlet 'dispatcherServlet'
2022-06-20 18:45:57.548  INFO 22268 --- [http-nio-9999-exec-1] o.s.web.servlet.DispatcherServlet        : Completed initialization in 1 ms
2022-06-20 18:49:50.165  INFO 22268 --- [http-nio-9999-exec-7]                                          : true
2022-06-20 18:52:44.671  INFO 22268 --- [RMI TCP Connection(16)-127.0.0.1] inMXBeanRegistrar$SpringApplicationAdmin : Application shutdown requested.
